  ssmda.cpp
C:\Users\ShalltearMoist\Documents\GitHub\PD3-GG\Dumper7\SDK\Basic.hpp(1140,9): warning C4099: 'SDK::FProperty': type name first seen using 'class' now seen using 'struct'
  (compiling source file 'ssmda.cpp')
      C:\Users\ShalltearMoist\Documents\GitHub\PD3-GG\Dumper7\SDK\Basic.hpp(1057,7):
      see declaration of 'SDK::FProperty'
  
C:\Users\ShalltearMoist\Documents\GitHub\PD3-GG\Dumper7\SDK\Basic.hpp(1162,9): warning C4099: 'SDK::FProperty': type name first seen using 'class' now seen using 'struct'
  (compiling source file 'ssmda.cpp')
      C:\Users\ShalltearMoist\Documents\GitHub\PD3-GG\Dumper7\SDK\Basic.hpp(1057,7):
      see declaration of 'SDK::FProperty'
  
C:\Users\ShalltearMoist\Documents\GitHub\PD3-GG\Dumper7\SDK\Basic.hpp(1163,9): warning C4099: 'SDK::FProperty': type name first seen using 'class' now seen using 'struct'
  (compiling source file 'ssmda.cpp')
      C:\Users\ShalltearMoist\Documents\GitHub\PD3-GG\Dumper7\SDK\Basic.hpp(1057,7):
      see declaration of 'SDK::FProperty'
  
C:\Users\ShalltearMoist\Documents\GitHub\PD3-GG\Dumper7\SDK\Basic.hpp(1175,9): warning C4099: 'SDK::FProperty': type name first seen using 'class' now seen using 'struct'
  (compiling source file 'ssmda.cpp')
      C:\Users\ShalltearMoist\Documents\GitHub\PD3-GG\Dumper7\SDK\Basic.hpp(1057,7):
      see declaration of 'SDK::FProperty'
  
C:\Users\ShalltearMoist\Documents\GitHub\PD3-GG\Dumper7\SDK\Basic.hpp(1186,9): warning C4099: 'SDK::FProperty': type name first seen using 'class' now seen using 'struct'
  (compiling source file 'ssmda.cpp')
      C:\Users\ShalltearMoist\Documents\GitHub\PD3-GG\Dumper7\SDK\Basic.hpp(1057,7):
      see declaration of 'SDK::FProperty'
  
C:\Users\ShalltearMoist\Documents\GitHub\PD3-GG\Dumper7\SDK\Basic.hpp(1210,9): warning C4099: 'SDK::FProperty': type name first seen using 'class' now seen using 'struct'
  (compiling source file 'ssmda.cpp')
      C:\Users\ShalltearMoist\Documents\GitHub\PD3-GG\Dumper7\SDK\Basic.hpp(1057,7):
      see declaration of 'SDK::FProperty'
  
C:\Users\ShalltearMoist\Documents\GitHub\PD3-GG\Dumper7\SDK\Engine_structs.hpp(1453,2): warning C4309: 'initializing': truncation of constant value
  (compiling source file 'ssmda.cpp')
  
C:\Users\ShalltearMoist\Documents\GitHub\PD3-GG\Dumper7\SDK\Engine_structs.hpp(1453,2): warning C4369: 'SDK::EViewModeIndex::VMI_MAX':  enumerator value '256' cannot be represented as 'unsigned char', value is '256'
  (compiling source file 'ssmda.cpp')
  
C:\Users\ShalltearMoist\Documents\GitHub\PD3-GG\Dumper7\SDK\Engine_structs.hpp(4073,2): warning C4309: 'initializing': truncation of constant value
  (compiling source file 'ssmda.cpp')
  
C:\Users\ShalltearMoist\Documents\GitHub\PD3-GG\Dumper7\SDK\Engine_structs.hpp(4073,2): warning C4369: 'SDK::ESkinCacheUsage::ESkinCacheUsage_MAX':  enumerator value '256' cannot be represented as 'unsigned char', value is '256'
  (compiling source file 'ssmda.cpp')
  
C:\Users\ShalltearMoist\Documents\GitHub\PD3-GG\Dumper7\SDK\Engine_structs.hpp(4569,2): warning C4309: 'initializing': truncation of constant value
  (compiling source file 'ssmda.cpp')
  
C:\Users\ShalltearMoist\Documents\GitHub\PD3-GG\Dumper7\SDK\Engine_structs.hpp(4569,2): warning C4369: 'SDK::ESoundWaveLoadingBehavior::ESoundWaveLoadingBehavior_MAX':  enumerator value '256' cannot be represented as 'unsigned char', value is '256'
  (compiling source file 'ssmda.cpp')
  
C:\Users\ShalltearMoist\Documents\GitHub\PD3-GG\Dumper7\SDK\Engine_structs.hpp(8810,20): warning C4099: 'SDK::FStructProperty': type name first seen using 'class' now seen using 'struct'
  (compiling source file 'ssmda.cpp')
      C:\Users\ShalltearMoist\Documents\GitHub\PD3-GG\Dumper7\SDK\Basic.hpp(1126,7):
      see declaration of 'SDK::FStructProperty'
  
C:\Users\ShalltearMoist\Documents\GitHub\PD3-GG\Dumper7\SDK\Engine_structs.hpp(8811,27): warning C4099: 'SDK::FStructProperty': type name first seen using 'class' now seen using 'struct'
  (compiling source file 'ssmda.cpp')
      C:\Users\ShalltearMoist\Documents\GitHub\PD3-GG\Dumper7\SDK\Basic.hpp(1126,7):
      see declaration of 'SDK::FStructProperty'
  
C:\Users\ShalltearMoist\Documents\GitHub\PD3-GG\Dumper7\SDK\Engine_structs.hpp(8812,27): warning C4099: 'SDK::FProperty': type name first seen using 'class' now seen using 'struct'
  (compiling source file 'ssmda.cpp')
      C:\Users\ShalltearMoist\Documents\GitHub\PD3-GG\Dumper7\SDK\Basic.hpp(1057,7):
      see declaration of 'SDK::FProperty'
  
C:\Users\ShalltearMoist\Documents\GitHub\PD3-GG\Dumper7\SDK\Engine_structs.hpp(10658,20): warning C4099: 'SDK::FStructProperty': type name first seen using 'class' now seen using 'struct'
  (compiling source file 'ssmda.cpp')
      C:\Users\ShalltearMoist\Documents\GitHub\PD3-GG\Dumper7\SDK\Basic.hpp(1126,7):
      see declaration of 'SDK::FStructProperty'
  
C:\Users\ShalltearMoist\Documents\GitHub\PD3-GG\Dumper7\SDK\PropertyAccess_structs.hpp(84,20): warning C4099: 'SDK::FProperty': type name first seen using 'class' now seen using 'struct'
  (compiling source file 'ssmda.cpp')
      C:\Users\ShalltearMoist\Documents\GitHub\PD3-GG\Dumper7\SDK\Basic.hpp(1057,7):
      see declaration of 'SDK::FProperty'
  
C:\Users\ShalltearMoist\Documents\GitHub\PD3-GG\Dumper7\SDK\PropertyAccess_structs.hpp(148,20): warning C4099: 'SDK::FProperty': type name first seen using 'class' now seen using 'struct'
  (compiling source file 'ssmda.cpp')
      C:\Users\ShalltearMoist\Documents\GitHub\PD3-GG\Dumper7\SDK\Basic.hpp(1057,7):
      see declaration of 'SDK::FProperty'
  
C:\Users\ShalltearMoist\Documents\GitHub\PD3-GG\Dumper7\SDK\PropertyAccess_structs.hpp(166,20): warning C4099: 'SDK::FArrayProperty': type name first seen using 'class' now seen using 'struct'
  (compiling source file 'ssmda.cpp')
      C:\Users\ShalltearMoist\Documents\GitHub\PD3-GG\Dumper7\SDK\Basic.hpp(1137,7):
      see declaration of 'SDK::FArrayProperty'
  
C:\Users\ShalltearMoist\Documents\GitHub\PD3-GG\Dumper7\SDK\Engine_classes.hpp(10806,27): warning C4099: 'SDK::FStructProperty': type name first seen using 'class' now seen using 'struct'
  (compiling source file 'ssmda.cpp')
      C:\Users\ShalltearMoist\Documents\GitHub\PD3-GG\Dumper7\SDK\Basic.hpp(1126,7):
      see declaration of 'SDK::FStructProperty'
  
C:\Users\ShalltearMoist\Documents\GitHub\PD3-GG\Dumper7\SDK\Engine_classes.hpp(10808,27): warning C4099: 'SDK::FStructProperty': type name first seen using 'class' now seen using 'struct'
  (compiling source file 'ssmda.cpp')
      C:\Users\ShalltearMoist\Documents\GitHub\PD3-GG\Dumper7\SDK\Basic.hpp(1126,7):
      see declaration of 'SDK::FStructProperty'
  
C:\Users\ShalltearMoist\Documents\GitHub\PD3-GG\Dumper7\SDK\Engine_classes.hpp(10810,27): warning C4099: 'SDK::FStructProperty': type name first seen using 'class' now seen using 'struct'
  (compiling source file 'ssmda.cpp')
      C:\Users\ShalltearMoist\Documents\GitHub\PD3-GG\Dumper7\SDK\Basic.hpp(1126,7):
      see declaration of 'SDK::FStructProperty'
  
C:\Users\ShalltearMoist\Documents\GitHub\PD3-GG\Dumper7\SDK\Engine_classes.hpp(10812,27): warning C4099: 'SDK::FStructProperty': type name first seen using 'class' now seen using 'struct'
  (compiling source file 'ssmda.cpp')
      C:\Users\ShalltearMoist\Documents\GitHub\PD3-GG\Dumper7\SDK\Basic.hpp(1126,7):
      see declaration of 'SDK::FStructProperty'
  
C:\Users\ShalltearMoist\Documents\GitHub\PD3-GG\Dumper7\SDK\Engine_classes.hpp(10814,27): warning C4099: 'SDK::FStructProperty': type name first seen using 'class' now seen using 'struct'
  (compiling source file 'ssmda.cpp')
      C:\Users\ShalltearMoist\Documents\GitHub\PD3-GG\Dumper7\SDK\Basic.hpp(1126,7):
      see declaration of 'SDK::FStructProperty'
  
C:\Users\ShalltearMoist\Documents\GitHub\PD3-GG\Dumper7\SDK\Engine_classes.hpp(10816,27): warning C4099: 'SDK::FStructProperty': type name first seen using 'class' now seen using 'struct'
  (compiling source file 'ssmda.cpp')
      C:\Users\ShalltearMoist\Documents\GitHub\PD3-GG\Dumper7\SDK\Basic.hpp(1126,7):
      see declaration of 'SDK::FStructProperty'
  
C:\Users\ShalltearMoist\Documents\GitHub\PD3-GG\Dumper7\SDK\Engine_classes.hpp(10818,27): warning C4099: 'SDK::FStructProperty': type name first seen using 'class' now seen using 'struct'
  (compiling source file 'ssmda.cpp')
      C:\Users\ShalltearMoist\Documents\GitHub\PD3-GG\Dumper7\SDK\Basic.hpp(1126,7):
      see declaration of 'SDK::FStructProperty'
  
C:\Users\ShalltearMoist\Documents\GitHub\PD3-GG\Dumper7\SDK\Engine_classes.hpp(10896,20): warning C4099: 'SDK::FProperty': type name first seen using 'class' now seen using 'struct'
  (compiling source file 'ssmda.cpp')
      C:\Users\ShalltearMoist\Documents\GitHub\PD3-GG\Dumper7\SDK\Basic.hpp(1057,7):
      see declaration of 'SDK::FProperty'
  
C:\Users\ShalltearMoist\Documents\GitHub\PD3-GG\Dumper7\SDK\Engine_classes.hpp(22713,114): warning C4099: 'SDK::FField': type name first seen using 'class' now seen using 'struct'
  (compiling source file 'ssmda.cpp')
      C:\Users\ShalltearMoist\Documents\GitHub\PD3-GG\Dumper7\SDK\Basic.hpp(1036,7):
      see declaration of 'SDK::FField'
  
C:\Users\ShalltearMoist\Documents\GitHub\PD3-GG\Dumper7\SDK\Engine_parameters.hpp(43833,20): warning C4099: 'SDK::FField': type name first seen using 'class' now seen using 'struct'
  (compiling source file 'ssmda.cpp')
      C:\Users\ShalltearMoist\Documents\GitHub\PD3-GG\Dumper7\SDK\Basic.hpp(1036,7):
      see declaration of 'SDK::FField'
  
C:\Users\ShalltearMoist\Documents\GitHub\PD3-GG\Dumper7\SDK\MovieSceneTracks_structs.hpp(602,20): warning C4099: 'SDK::FProperty': type name first seen using 'class' now seen using 'struct'
  (compiling source file 'ssmda.cpp')
      C:\Users\ShalltearMoist\Documents\GitHub\PD3-GG\Dumper7\SDK\Basic.hpp(1057,7):
      see declaration of 'SDK::FProperty'
  
C:\Users\ShalltearMoist\Documents\GitHub\PD3-GG\Dumper7\SDK\AccelByteUe4Sdk_structs.hpp(1310,2): warning C4309: 'initializing': truncation of constant value
  (compiling source file 'ssmda.cpp')
  
C:\Users\ShalltearMoist\Documents\GitHub\PD3-GG\Dumper7\SDK\AccelByteUe4Sdk_structs.hpp(1310,2): warning C4369: 'SDK::EAccelBytePlatformType::EAccelBytePlatformType_MAX':  enumerator value '256' cannot be represented as 'unsigned char', value is '256'
  (compiling source file 'ssmda.cpp')
  
C:\Users\ShalltearMoist\Documents\GitHub\PD3-GG\Dumper7\SDK\GameplayAbilities_structs.hpp(520,20): warning C4099: 'SDK::FProperty': type name first seen using 'class' now seen using 'struct'
  (compiling source file 'ssmda.cpp')
      C:\Users\ShalltearMoist\Documents\GitHub\PD3-GG\Dumper7\SDK\Basic.hpp(1057,7):
      see declaration of 'SDK::FProperty'
  
C:\Users\ShalltearMoist\Documents\GitHub\PD3-GG\Dumper7\SDK\GameplayAbilities_structs.hpp(1799,20): warning C4099: 'SDK::FProperty': type name first seen using 'class' now seen using 'struct'
  (compiling source file 'ssmda.cpp')
      C:\Users\ShalltearMoist\Documents\GitHub\PD3-GG\Dumper7\SDK\Basic.hpp(1057,7):
      see declaration of 'SDK::FProperty'
  
C:\Users\ShalltearMoist\Documents\GitHub\PD3-GG\Dumper7\SDK\Starbreeze_structs.hpp(1997,2): warning C4309: 'initializing': truncation of constant value
  (compiling source file 'ssmda.cpp')
  
C:\Users\ShalltearMoist\Documents\GitHub\PD3-GG\Dumper7\SDK\Starbreeze_structs.hpp(1997,2): warning C4369: 'SDK::ESBZVoicePriority::ESBZVoicePriority_MAX':  enumerator value '256' cannot be represented as 'unsigned char', value is '256'
  (compiling source file 'ssmda.cpp')
  
C:\Users\ShalltearMoist\Documents\GitHub\PD3-GG\Dumper7\SDK\Starbreeze_structs.hpp(4178,2): warning C4309: 'initializing': truncation of constant value
  (compiling source file 'ssmda.cpp')
  
C:\Users\ShalltearMoist\Documents\GitHub\PD3-GG\Dumper7\SDK\Starbreeze_structs.hpp(4178,2): warning C4369: 'SDK::ESBZFramerateMode::Invalid':  enumerator value '-1' cannot be represented as 'unsigned int', value is '-1'
  (compiling source file 'ssmda.cpp')
  
C:\Users\ShalltearMoist\Documents\GitHub\PD3-GG\Dumper7\SDK\AkAudio_structs.hpp(305,2): warning C4309: 'initializing': truncation of constant value
  (compiling source file 'ssmda.cpp')
  
C:\Users\ShalltearMoist\Documents\GitHub\PD3-GG\Dumper7\SDK\AkAudio_structs.hpp(305,2): warning C4369: 'SDK::EAkMidiEventType::EAkMidiEventType_MAX':  enumerator value '256' cannot be represented as 'unsigned char', value is '256'
  (compiling source file 'ssmda.cpp')
  
C:\Users\ShalltearMoist\Documents\GitHub\PD3-GG\ssmda.cpp(730,29): warning C4244: '=': conversion from 'ULONGLONG' to 'int', possible loss of data
C:\Users\ShalltearMoist\Documents\GitHub\PD3-GG\ssmda.cpp(790,28): warning C4244: '=': conversion from 'ULONGLONG' to 'int', possible loss of data
C:\Users\ShalltearMoist\Documents\GitHub\PD3-GG\ssmda.cpp(124,1): warning C5082: second argument to 'va_start' is not the last named parameter
  pd3gg.vcxproj -> C:\Users\ShalltearMoist\Documents\GitHub\PD3-GG\x64\Debug\pd3gg.dll
  'pwsh.exe' is not recognized as an internal or external command,
  operable program or batch file.
